<?xml version="1.0" encoding="UTF-8"?>
<testng-results ignored="0" total="1" passed="1" failed="0" skipped="0">
  <reporter-output>
  </reporter-output>
  <suite started-at="2022-09-15T12:30:20 IST" name="Default suite" finished-at="2022-09-15T12:30:45 IST" duration-ms="24949">
    <groups>
    </groups>
    <test started-at="2022-09-15T12:30:20 IST" name="Default test" finished-at="2022-09-15T12:30:45 IST" duration-ms="24949">
      <class name="com.test.LoginClass">
        <test-method is-config="true" signature="pre()[pri:0, instance:com.test.LoginClass@470734c3]" started-at="2022-09-15T12:30:20 IST" name="pre" finished-at="2022-09-15T12:30:38 IST" duration-ms="17663" status="PASS">
          <reporter-output>
          </reporter-output>
        </test-method> <!-- pre -->
        <test-method signature="baseLogin()[pri:0, instance:com.test.LoginClass@470734c3]" started-at="2022-09-15T12:30:38 IST" name="baseLogin" finished-at="2022-09-15T12:30:42 IST" duration-ms="4544" status="PASS">
          <reporter-output>
          </reporter-output>
        </test-method> <!-- baseLogin -->
        <test-method is-config="true" signature="close()[pri:0, instance:com.test.LoginClass@470734c3]" started-at="2022-09-15T12:30:42 IST" name="close" finished-at="2022-09-15T12:30:45 IST" duration-ms="2689" status="PASS">
          <reporter-output>
          </reporter-output>
        </test-method> <!-- close -->
      </class> <!-- com.test.LoginClass -->
    </test> <!-- Default test -->
  </suite> <!-- Default suite -->
</testng-results>
